{"uuid":"5d8bcb2a-04ea-4ee0-b39c-7e4164ea8126","historyId":"bff65a3e3a9b9f20844432d9c9ac5653","fullName":"src/test/resources/features/validateTestPriceRange.feature:3","labels":[{"name":"host","value":"LP-TZD-50X45799"},{"name":"thread","value":"70600@LP-TZD-50X45799.main(1)"},{"name":"feature","value":"Amazon best seller laptops validation"},{"name":"story","value":"Validate best seller laptops are displayed"},{"name":"suite","value":"Amazon best seller laptops validation"},{"name":"testClass","value":"Validate best seller laptops are displayed"},{"name":"framework","value":"cucumber4jvm"},{"name":"language","value":"java"},{"name":"gherkin_uri","value":"file:///C:/Users/Ashmeet.Kaur/eclipse-workspace/cucumberprojectfortraining1/src/test/resources/features/validateTestPriceRange.feature"},{"name":"package","value":"src.test.resources.features.validateTestPriceRange_feature.Amazon best seller laptops validation"}],"links":[],"name":"Validate best seller laptops are displayed","status":"broken","statusDetails":{"known":false,"muted":false,"flaky":false,"message":"Expected condition failed: waiting for presence of any elements located by By.xpath: //button[@class='a-button-text']\r\n(tried for 10 seconds with 500 milliseconds interval)\nBuild info: version: '4.40.0', revision: 'b3333f1'\nSystem info: os.name: 'Windows 11', os.arch: 'amd64', os.version: '10.0', java.version: '17.0.2'\nDriver info: org.openqa.selenium.edge.EdgeDriver\nCapabilities {acceptInsecureCerts: false, browserName: MicrosoftEdge, browserVersion: 144.0.3719.115, fedcm:accounts: true, goog:processID: 33108, ms:edgeOptions: {debuggerAddress: localhost:53642}, msedge: {msedgedriverVersion: 144.0.3719.115 (4ee501a4f64..., userDataDir: C:\\Users\\ASHMEE~1.KAU\\AppDa...}, networkConnectionEnabled: false, pageLoadStrategy: normal, platformName: windows, proxy: Proxy(), se:cdp: ws://localhost:53642/devtoo..., se:cdpVersion: 144.0.3719.115, setWindowRect: true, strictFileInteractability: false, timeouts: {implicit: 0, pageLoad: 300000, script: 30000}, unhandledPromptBehavior: dismiss and notify, webauthn:extension:credBlob: true, webauthn:extension:largeBlob: true, webauthn:extension:minPinLength: true, webauthn:extension:prf: true, webauthn:virtualAuthenticators: true}\nSession ID: fe00a13e49d18678c74c70739885bbda","trace":"org.openqa.selenium.TimeoutException: Expected condition failed: waiting for presence of any elements located by By.xpath: //button[@class='a-button-text']\r\n(tried for 10 seconds with 500 milliseconds interval)\nBuild info: version: '4.40.0', revision: 'b3333f1'\nSystem info: os.name: 'Windows 11', os.arch: 'amd64', os.version: '10.0', java.version: '17.0.2'\nDriver info: org.openqa.selenium.edge.EdgeDriver\nCapabilities {acceptInsecureCerts: false, browserName: MicrosoftEdge, browserVersion: 144.0.3719.115, fedcm:accounts: true, goog:processID: 33108, ms:edgeOptions: {debuggerAddress: localhost:53642}, msedge: {msedgedriverVersion: 144.0.3719.115 (4ee501a4f64..., userDataDir: C:\\Users\\ASHMEE~1.KAU\\AppDa...}, networkConnectionEnabled: false, pageLoadStrategy: normal, platformName: windows, proxy: Proxy(), se:cdp: ws://localhost:53642/devtoo..., se:cdpVersion: 144.0.3719.115, setWindowRect: true, strictFileInteractability: false, timeouts: {implicit: 0, pageLoad: 300000, script: 30000}, unhandledPromptBehavior: dismiss and notify, webauthn:extension:credBlob: true, webauthn:extension:largeBlob: true, webauthn:extension:minPinLength: true, webauthn:extension:prf: true, webauthn:virtualAuthenticators: true}\nSession ID: fe00a13e49d18678c74c70739885bbda\r\n\tat org.openqa.selenium.support.ui.WebDriverWait.timeoutException(WebDriverWait.java:84)\r\n\tat org.openqa.selenium.support.ui.FluentWait.until(FluentWait.java:231)\r\n\tat stepDefinations.LoginStep.top_laptops_with_limited_time_deal(LoginStep.java:175)\r\n\tat ✽.top 10 laptops with limited time deal(file:///C:/Users/Ashmeet.Kaur/eclipse-workspace/cucumberprojectfortraining1/src/test/resources/features/validateTestPriceRange.feature:7)\r\n"},"stage":"finished","steps":[{"name":"Given  user is on Amazon home page","status":"passed","statusDetails":{"known":false,"muted":false,"flaky":false},"stage":"finished","steps":[],"attachments":[],"parameters":[],"start":1771010490804,"stop":1771010498077},{"name":"When  user searches for \"Laptop\"","status":"passed","statusDetails":{"known":false,"muted":false,"flaky":false},"stage":"finished","steps":[],"attachments":[],"parameters":[],"start":1771010498078,"stop":1771010504313},{"name":"Then  limitedtimedeal search results should be displayed on Amazon","status":"passed","statusDetails":{"known":false,"muted":false,"flaky":false},"stage":"finished","steps":[],"attachments":[],"parameters":[],"start":1771010504314,"stop":1771010513649},{"name":"Then  top 10 laptops with limited time deal","status":"broken","statusDetails":{"known":false,"muted":false,"flaky":false,"message":"Expected condition failed: waiting for presence of any elements located by By.xpath: //button[@class='a-button-text']\r\n(tried for 10 seconds with 500 milliseconds interval)\nBuild info: version: '4.40.0', revision: 'b3333f1'\nSystem info: os.name: 'Windows 11', os.arch: 'amd64', os.version: '10.0', java.version: '17.0.2'\nDriver info: org.openqa.selenium.edge.EdgeDriver\nCapabilities {acceptInsecureCerts: false, browserName: MicrosoftEdge, browserVersion: 144.0.3719.115, fedcm:accounts: true, goog:processID: 33108, ms:edgeOptions: {debuggerAddress: localhost:53642}, msedge: {msedgedriverVersion: 144.0.3719.115 (4ee501a4f64..., userDataDir: C:\\Users\\ASHMEE~1.KAU\\AppDa...}, networkConnectionEnabled: false, pageLoadStrategy: normal, platformName: windows, proxy: Proxy(), se:cdp: ws://localhost:53642/devtoo..., se:cdpVersion: 144.0.3719.115, setWindowRect: true, strictFileInteractability: false, timeouts: {implicit: 0, pageLoad: 300000, script: 30000}, unhandledPromptBehavior: dismiss and notify, webauthn:extension:credBlob: true, webauthn:extension:largeBlob: true, webauthn:extension:minPinLength: true, webauthn:extension:prf: true, webauthn:virtualAuthenticators: true}\nSession ID: fe00a13e49d18678c74c70739885bbda","trace":"org.openqa.selenium.TimeoutException: Expected condition failed: waiting for presence of any elements located by By.xpath: //button[@class='a-button-text']\r\n(tried for 10 seconds with 500 milliseconds interval)\nBuild info: version: '4.40.0', revision: 'b3333f1'\nSystem info: os.name: 'Windows 11', os.arch: 'amd64', os.version: '10.0', java.version: '17.0.2'\nDriver info: org.openqa.selenium.edge.EdgeDriver\nCapabilities {acceptInsecureCerts: false, browserName: MicrosoftEdge, browserVersion: 144.0.3719.115, fedcm:accounts: true, goog:processID: 33108, ms:edgeOptions: {debuggerAddress: localhost:53642}, msedge: {msedgedriverVersion: 144.0.3719.115 (4ee501a4f64..., userDataDir: C:\\Users\\ASHMEE~1.KAU\\AppDa...}, networkConnectionEnabled: false, pageLoadStrategy: normal, platformName: windows, proxy: Proxy(), se:cdp: ws://localhost:53642/devtoo..., se:cdpVersion: 144.0.3719.115, setWindowRect: true, strictFileInteractability: false, timeouts: {implicit: 0, pageLoad: 300000, script: 30000}, unhandledPromptBehavior: dismiss and notify, webauthn:extension:credBlob: true, webauthn:extension:largeBlob: true, webauthn:extension:minPinLength: true, webauthn:extension:prf: true, webauthn:virtualAuthenticators: true}\nSession ID: fe00a13e49d18678c74c70739885bbda\r\n\tat org.openqa.selenium.support.ui.WebDriverWait.timeoutException(WebDriverWait.java:84)\r\n\tat org.openqa.selenium.support.ui.FluentWait.until(FluentWait.java:231)\r\n\tat stepDefinations.LoginStep.top_laptops_with_limited_time_deal(LoginStep.java:175)\r\n\tat ✽.top 10 laptops with limited time deal(file:///C:/Users/Ashmeet.Kaur/eclipse-workspace/cucumberprojectfortraining1/src/test/resources/features/validateTestPriceRange.feature:7)\r\n"},"stage":"finished","steps":[],"attachments":[],"parameters":[],"start":1771010513649,"stop":1771010621486}],"attachments":[],"parameters":[],"start":1771010489093,"stop":1771010622059}