{"uuid":"71491de5-7ba0-4e54-aae9-38dfe7b9f060","historyId":"bff65a3e3a9b9f20844432d9c9ac5653","fullName":"src/test/resources/features/validateTestPriceRange.feature:3","labels":[{"name":"host","value":"LP-TZD-50X45799"},{"name":"thread","value":"5808@LP-TZD-50X45799.main(1)"},{"name":"feature","value":"Amazon best seller laptops validation"},{"name":"story","value":"Validate best seller laptops are displayed"},{"name":"suite","value":"Amazon best seller laptops validation"},{"name":"testClass","value":"Validate best seller laptops are displayed"},{"name":"framework","value":"cucumber4jvm"},{"name":"language","value":"java"},{"name":"gherkin_uri","value":"file:///C:/Users/Ashmeet.Kaur/eclipse-workspace/cucumberprojectfortraining1/src/test/resources/features/validateTestPriceRange.feature"},{"name":"package","value":"src.test.resources.features.validateTestPriceRange_feature.Amazon best seller laptops validation"}],"links":[],"name":"Validate best seller laptops are displayed","status":"broken","statusDetails":{"known":false,"muted":false,"flaky":false,"message":"no such element: Unable to locate element: {\"method\":\"xpath\",\"selector\":\"//*[contains(@a-size-mini,'%')]\"}\n  (Session info: MicrosoftEdge=144.0.3719.115)\nFor documentation on this error, please visit: https://www.selenium.dev/documentation/webdriver/troubleshooting/errors#nosuchelementexception\nBuild info: version: '4.40.0', revision: 'b3333f1'\nSystem info: os.name: 'Windows 11', os.arch: 'amd64', os.version: '10.0', java.version: '17.0.2'\nDriver info: org.openqa.selenium.edge.EdgeDriver\nCommand: [41361a6bef3dca0ebd54d87dbca45c3d, findChildElement {id=f.2E8DA6AA0540DC3DFD1A5F566310EF63.d.10C8EFCB5F4FF962E9F868B576AEA3A4.e.486, using=xpath, value=//*[contains(@a-size-mini,'%')]}]\nCapabilities {acceptInsecureCerts: false, browserName: MicrosoftEdge, browserVersion: 144.0.3719.115, fedcm:accounts: true, goog:processID: 59184, ms:edgeOptions: {debuggerAddress: localhost:61022}, msedge: {msedgedriverVersion: 144.0.3719.115 (4ee501a4f64..., userDataDir: C:\\Users\\ASHMEE~1.KAU\\AppDa...}, networkConnectionEnabled: false, pageLoadStrategy: normal, platformName: windows, proxy: Proxy(), se:cdp: ws://localhost:61022/devtoo..., se:cdpVersion: 144.0.3719.115, setWindowRect: true, strictFileInteractability: false, timeouts: {implicit: 0, pageLoad: 300000, script: 30000}, unhandledPromptBehavior: dismiss and notify, webauthn:extension:credBlob: true, webauthn:extension:largeBlob: true, webauthn:extension:minPinLength: true, webauthn:extension:prf: true, webauthn:virtualAuthenticators: true}\nSession ID: 41361a6bef3dca0ebd54d87dbca45c3d","trace":"org.openqa.selenium.NoSuchElementException: no such element: Unable to locate element: {\"method\":\"xpath\",\"selector\":\"//*[contains(@a-size-mini,'%')]\"}\n  (Session info: MicrosoftEdge=144.0.3719.115)\nFor documentation on this error, please visit: https://www.selenium.dev/documentation/webdriver/troubleshooting/errors#nosuchelementexception\nBuild info: version: '4.40.0', revision: 'b3333f1'\nSystem info: os.name: 'Windows 11', os.arch: 'amd64', os.version: '10.0', java.version: '17.0.2'\nDriver info: org.openqa.selenium.edge.EdgeDriver\nCommand: [41361a6bef3dca0ebd54d87dbca45c3d, findChildElement {id=f.2E8DA6AA0540DC3DFD1A5F566310EF63.d.10C8EFCB5F4FF962E9F868B576AEA3A4.e.486, using=xpath, value=//*[contains(@a-size-mini,'%')]}]\nCapabilities {acceptInsecureCerts: false, browserName: MicrosoftEdge, browserVersion: 144.0.3719.115, fedcm:accounts: true, goog:processID: 59184, ms:edgeOptions: {debuggerAddress: localhost:61022}, msedge: {msedgedriverVersion: 144.0.3719.115 (4ee501a4f64..., userDataDir: C:\\Users\\ASHMEE~1.KAU\\AppDa...}, networkConnectionEnabled: false, pageLoadStrategy: normal, platformName: windows, proxy: Proxy(), se:cdp: ws://localhost:61022/devtoo..., se:cdpVersion: 144.0.3719.115, setWindowRect: true, strictFileInteractability: false, timeouts: {implicit: 0, pageLoad: 300000, script: 30000}, unhandledPromptBehavior: dismiss and notify, webauthn:extension:credBlob: true, webauthn:extension:largeBlob: true, webauthn:extension:minPinLength: true, webauthn:extension:prf: true, webauthn:virtualAuthenticators: true}\nSession ID: 41361a6bef3dca0ebd54d87dbca45c3d\r\n\tat org.openqa.selenium.remote.ErrorCodec.decode(ErrorCodec.java:169)\r\n\tat org.openqa.selenium.remote.codec.w3c.W3CHttpResponseCodec.decode(W3CHttpResponseCodec.java:142)\r\n\tat org.openqa.selenium.remote.codec.w3c.W3CHttpResponseCodec.decode(W3CHttpResponseCodec.java:49)\r\n\tat org.openqa.selenium.remote.HttpCommandExecutor.execute(HttpCommandExecutor.java:223)\r\n\tat org.openqa.selenium.remote.service.DriverCommandExecutor.invokeExecute(DriverCommandExecutor.java:216)\r\n\tat org.openqa.selenium.remote.service.DriverCommandExecutor.execute(DriverCommandExecutor.java:174)\r\n\tat org.openqa.selenium.remote.RemoteWebDriver.execute(RemoteWebDriver.java:601)\r\n\tat org.openqa.selenium.remote.ElementLocation$ElementFinder$2.findElement(ElementLocation.java:166)\r\n\tat org.openqa.selenium.remote.ElementLocation.findElement(ElementLocation.java:60)\r\n\tat org.openqa.selenium.remote.RemoteWebDriver.findElement(RemoteWebDriver.java:424)\r\n\tat org.openqa.selenium.remote.RemoteWebElement.findElement(RemoteWebElement.java:211)\r\n\tat stepDefinations.LoginStep.top_laptops_with_limited_time_deal(LoginStep.java:112)\r\n\tat ✽.top 10 laptops with limited time deal(file:///C:/Users/Ashmeet.Kaur/eclipse-workspace/cucumberprojectfortraining1/src/test/resources/features/validateTestPriceRange.feature:7)\r\n"},"stage":"finished","steps":[{"name":"Given  user is on Amazon home page","status":"passed","statusDetails":{"known":false,"muted":false,"flaky":false},"stage":"finished","steps":[],"attachments":[],"parameters":[],"start":1770967900132,"stop":1770967907972},{"name":"When  user searches for \"Laptop\"","status":"passed","statusDetails":{"known":false,"muted":false,"flaky":false},"stage":"finished","steps":[],"attachments":[],"parameters":[],"start":1770967907973,"stop":1770967918938},{"name":"Then  limitedtimedeal search results should be displayed on Amazon","status":"passed","statusDetails":{"known":false,"muted":false,"flaky":false},"stage":"finished","steps":[],"attachments":[],"parameters":[],"start":1770967918939,"stop":1770967927095},{"name":"Then  top 10 laptops with limited time deal","status":"broken","statusDetails":{"known":false,"muted":false,"flaky":false,"message":"no such element: Unable to locate element: {\"method\":\"xpath\",\"selector\":\"//*[contains(@a-size-mini,'%')]\"}\n  (Session info: MicrosoftEdge=144.0.3719.115)\nFor documentation on this error, please visit: https://www.selenium.dev/documentation/webdriver/troubleshooting/errors#nosuchelementexception\nBuild info: version: '4.40.0', revision: 'b3333f1'\nSystem info: os.name: 'Windows 11', os.arch: 'amd64', os.version: '10.0', java.version: '17.0.2'\nDriver info: org.openqa.selenium.edge.EdgeDriver\nCommand: [41361a6bef3dca0ebd54d87dbca45c3d, findChildElement {id=f.2E8DA6AA0540DC3DFD1A5F566310EF63.d.10C8EFCB5F4FF962E9F868B576AEA3A4.e.486, using=xpath, value=//*[contains(@a-size-mini,'%')]}]\nCapabilities {acceptInsecureCerts: false, browserName: MicrosoftEdge, browserVersion: 144.0.3719.115, fedcm:accounts: true, goog:processID: 59184, ms:edgeOptions: {debuggerAddress: localhost:61022}, msedge: {msedgedriverVersion: 144.0.3719.115 (4ee501a4f64..., userDataDir: C:\\Users\\ASHMEE~1.KAU\\AppDa...}, networkConnectionEnabled: false, pageLoadStrategy: normal, platformName: windows, proxy: Proxy(), se:cdp: ws://localhost:61022/devtoo..., se:cdpVersion: 144.0.3719.115, setWindowRect: true, strictFileInteractability: false, timeouts: {implicit: 0, pageLoad: 300000, script: 30000}, unhandledPromptBehavior: dismiss and notify, webauthn:extension:credBlob: true, webauthn:extension:largeBlob: true, webauthn:extension:minPinLength: true, webauthn:extension:prf: true, webauthn:virtualAuthenticators: true}\nSession ID: 41361a6bef3dca0ebd54d87dbca45c3d","trace":"org.openqa.selenium.NoSuchElementException: no such element: Unable to locate element: {\"method\":\"xpath\",\"selector\":\"//*[contains(@a-size-mini,'%')]\"}\n  (Session info: MicrosoftEdge=144.0.3719.115)\nFor documentation on this error, please visit: https://www.selenium.dev/documentation/webdriver/troubleshooting/errors#nosuchelementexception\nBuild info: version: '4.40.0', revision: 'b3333f1'\nSystem info: os.name: 'Windows 11', os.arch: 'amd64', os.version: '10.0', java.version: '17.0.2'\nDriver info: org.openqa.selenium.edge.EdgeDriver\nCommand: [41361a6bef3dca0ebd54d87dbca45c3d, findChildElement {id=f.2E8DA6AA0540DC3DFD1A5F566310EF63.d.10C8EFCB5F4FF962E9F868B576AEA3A4.e.486, using=xpath, value=//*[contains(@a-size-mini,'%')]}]\nCapabilities {acceptInsecureCerts: false, browserName: MicrosoftEdge, browserVersion: 144.0.3719.115, fedcm:accounts: true, goog:processID: 59184, ms:edgeOptions: {debuggerAddress: localhost:61022}, msedge: {msedgedriverVersion: 144.0.3719.115 (4ee501a4f64..., userDataDir: C:\\Users\\ASHMEE~1.KAU\\AppDa...}, networkConnectionEnabled: false, pageLoadStrategy: normal, platformName: windows, proxy: Proxy(), se:cdp: ws://localhost:61022/devtoo..., se:cdpVersion: 144.0.3719.115, setWindowRect: true, strictFileInteractability: false, timeouts: {implicit: 0, pageLoad: 300000, script: 30000}, unhandledPromptBehavior: dismiss and notify, webauthn:extension:credBlob: true, webauthn:extension:largeBlob: true, webauthn:extension:minPinLength: true, webauthn:extension:prf: true, webauthn:virtualAuthenticators: true}\nSession ID: 41361a6bef3dca0ebd54d87dbca45c3d\r\n\tat org.openqa.selenium.remote.ErrorCodec.decode(ErrorCodec.java:169)\r\n\tat org.openqa.selenium.remote.codec.w3c.W3CHttpResponseCodec.decode(W3CHttpResponseCodec.java:142)\r\n\tat org.openqa.selenium.remote.codec.w3c.W3CHttpResponseCodec.decode(W3CHttpResponseCodec.java:49)\r\n\tat org.openqa.selenium.remote.HttpCommandExecutor.execute(HttpCommandExecutor.java:223)\r\n\tat org.openqa.selenium.remote.service.DriverCommandExecutor.invokeExecute(DriverCommandExecutor.java:216)\r\n\tat org.openqa.selenium.remote.service.DriverCommandExecutor.execute(DriverCommandExecutor.java:174)\r\n\tat org.openqa.selenium.remote.RemoteWebDriver.execute(RemoteWebDriver.java:601)\r\n\tat org.openqa.selenium.remote.ElementLocation$ElementFinder$2.findElement(ElementLocation.java:166)\r\n\tat org.openqa.selenium.remote.ElementLocation.findElement(ElementLocation.java:60)\r\n\tat org.openqa.selenium.remote.RemoteWebDriver.findElement(RemoteWebDriver.java:424)\r\n\tat org.openqa.selenium.remote.RemoteWebElement.findElement(RemoteWebElement.java:211)\r\n\tat stepDefinations.LoginStep.top_laptops_with_limited_time_deal(LoginStep.java:112)\r\n\tat ✽.top 10 laptops with limited time deal(file:///C:/Users/Ashmeet.Kaur/eclipse-workspace/cucumberprojectfortraining1/src/test/resources/features/validateTestPriceRange.feature:7)\r\n"},"stage":"finished","steps":[],"attachments":[],"parameters":[],"start":1770967927095,"stop":1770967935138}],"attachments":[],"parameters":[],"start":1770967897033,"stop":1770967935811}