{"uuid":"abf2c0aa-5610-4e03-861f-7c8ad0f24b0e","historyId":"bff65a3e3a9b9f20844432d9c9ac5653","fullName":"src/test/resources/features/validateTestPriceRange.feature:3","labels":[{"name":"host","value":"LP-TZD-50X45799"},{"name":"thread","value":"70008@LP-TZD-50X45799.main(1)"},{"name":"feature","value":"Amazon best seller laptops validation"},{"name":"story","value":"Validate best seller laptops are displayed"},{"name":"suite","value":"Amazon best seller laptops validation"},{"name":"testClass","value":"Validate best seller laptops are displayed"},{"name":"framework","value":"cucumber4jvm"},{"name":"language","value":"java"},{"name":"gherkin_uri","value":"file:///C:/Users/Ashmeet.Kaur/eclipse-workspace/cucumberprojectfortraining1/src/test/resources/features/validateTestPriceRange.feature"},{"name":"package","value":"src.test.resources.features.validateTestPriceRange_feature.Amazon best seller laptops validation"}],"links":[],"name":"Validate best seller laptops are displayed","status":"broken","statusDetails":{"known":false,"muted":false,"flaky":false,"message":"stale element reference: stale element not found in the current frame\n  (Session info: MicrosoftEdge=144.0.3719.115)\nFor documentation on this error, please visit: https://www.selenium.dev/documentation/webdriver/troubleshooting/errors#staleelementreferenceexception\nBuild info: version: '4.40.0', revision: 'b3333f1'\nSystem info: os.name: 'Windows 11', os.arch: 'amd64', os.version: '10.0', java.version: '17.0.2'\nDriver info: org.openqa.selenium.edge.EdgeDriver\nCommand: [52c1a6d3cb2e0cef3baf42770852f0b2, executeScript {args=[{element-6066-11e4-a52e-4f735466cecf=f.9142E20F556ED21BB9D828516CDE8E76.d.DF7B268D343991ABCA215BB9A9A02067.e.531}], script=arguments[0].scrollIntoView({block:'center'});}]\nCapabilities {acceptInsecureCerts: false, browserName: MicrosoftEdge, browserVersion: 144.0.3719.115, fedcm:accounts: true, goog:processID: 61472, ms:edgeOptions: {debuggerAddress: localhost:49683}, msedge: {msedgedriverVersion: 144.0.3719.115 (4ee501a4f64..., userDataDir: C:\\Users\\ASHMEE~1.KAU\\AppDa...}, networkConnectionEnabled: false, pageLoadStrategy: normal, platformName: windows, proxy: Proxy(), se:cdp: ws://localhost:49683/devtoo..., se:cdpVersion: 144.0.3719.115, setWindowRect: true, strictFileInteractability: false, timeouts: {implicit: 0, pageLoad: 300000, script: 30000}, unhandledPromptBehavior: dismiss and notify, webauthn:extension:credBlob: true, webauthn:extension:largeBlob: true, webauthn:extension:minPinLength: true, webauthn:extension:prf: true, webauthn:virtualAuthenticators: true}\nSession ID: 52c1a6d3cb2e0cef3baf42770852f0b2","trace":"org.openqa.selenium.StaleElementReferenceException: stale element reference: stale element not found in the current frame\n  (Session info: MicrosoftEdge=144.0.3719.115)\nFor documentation on this error, please visit: https://www.selenium.dev/documentation/webdriver/troubleshooting/errors#staleelementreferenceexception\nBuild info: version: '4.40.0', revision: 'b3333f1'\nSystem info: os.name: 'Windows 11', os.arch: 'amd64', os.version: '10.0', java.version: '17.0.2'\nDriver info: org.openqa.selenium.edge.EdgeDriver\nCommand: [52c1a6d3cb2e0cef3baf42770852f0b2, executeScript {args=[{element-6066-11e4-a52e-4f735466cecf=f.9142E20F556ED21BB9D828516CDE8E76.d.DF7B268D343991ABCA215BB9A9A02067.e.531}], script=arguments[0].scrollIntoView({block:'center'});}]\nCapabilities {acceptInsecureCerts: false, browserName: MicrosoftEdge, browserVersion: 144.0.3719.115, fedcm:accounts: true, goog:processID: 61472, ms:edgeOptions: {debuggerAddress: localhost:49683}, msedge: {msedgedriverVersion: 144.0.3719.115 (4ee501a4f64..., userDataDir: C:\\Users\\ASHMEE~1.KAU\\AppDa...}, networkConnectionEnabled: false, pageLoadStrategy: normal, platformName: windows, proxy: Proxy(), se:cdp: ws://localhost:49683/devtoo..., se:cdpVersion: 144.0.3719.115, setWindowRect: true, strictFileInteractability: false, timeouts: {implicit: 0, pageLoad: 300000, script: 30000}, unhandledPromptBehavior: dismiss and notify, webauthn:extension:credBlob: true, webauthn:extension:largeBlob: true, webauthn:extension:minPinLength: true, webauthn:extension:prf: true, webauthn:virtualAuthenticators: true}\nSession ID: 52c1a6d3cb2e0cef3baf42770852f0b2\r\n\tat org.openqa.selenium.remote.ErrorCodec.decode(ErrorCodec.java:169)\r\n\tat org.openqa.selenium.remote.codec.w3c.W3CHttpResponseCodec.decode(W3CHttpResponseCodec.java:142)\r\n\tat org.openqa.selenium.remote.codec.w3c.W3CHttpResponseCodec.decode(W3CHttpResponseCodec.java:49)\r\n\tat org.openqa.selenium.remote.HttpCommandExecutor.execute(HttpCommandExecutor.java:223)\r\n\tat org.openqa.selenium.remote.service.DriverCommandExecutor.invokeExecute(DriverCommandExecutor.java:216)\r\n\tat org.openqa.selenium.remote.service.DriverCommandExecutor.execute(DriverCommandExecutor.java:174)\r\n\tat org.openqa.selenium.remote.RemoteWebDriver.execute(RemoteWebDriver.java:601)\r\n\tat org.openqa.selenium.remote.RemoteWebDriver.executeScript(RemoteWebDriver.java:532)\r\n\tat stepDefinations.LoginStep.top_laptops_with_limited_time_deal(LoginStep.java:177)\r\n\tat ✽.top 10 laptops with limited time deal(file:///C:/Users/Ashmeet.Kaur/eclipse-workspace/cucumberprojectfortraining1/src/test/resources/features/validateTestPriceRange.feature:7)\r\n"},"stage":"finished","steps":[{"name":"Given  user is on Amazon home page","status":"passed","statusDetails":{"known":false,"muted":false,"flaky":false},"stage":"finished","steps":[],"attachments":[],"parameters":[],"start":1771008484188,"stop":1771008491469},{"name":"When  user searches for \"Laptop\"","status":"passed","statusDetails":{"known":false,"muted":false,"flaky":false},"stage":"finished","steps":[],"attachments":[],"parameters":[],"start":1771008491469,"stop":1771008497739},{"name":"Then  limitedtimedeal search results should be displayed on Amazon","status":"passed","statusDetails":{"known":false,"muted":false,"flaky":false},"stage":"finished","steps":[],"attachments":[],"parameters":[],"start":1771008497739,"stop":1771008507158},{"name":"Then  top 10 laptops with limited time deal","status":"broken","statusDetails":{"known":false,"muted":false,"flaky":false,"message":"stale element reference: stale element not found in the current frame\n  (Session info: MicrosoftEdge=144.0.3719.115)\nFor documentation on this error, please visit: https://www.selenium.dev/documentation/webdriver/troubleshooting/errors#staleelementreferenceexception\nBuild info: version: '4.40.0', revision: 'b3333f1'\nSystem info: os.name: 'Windows 11', os.arch: 'amd64', os.version: '10.0', java.version: '17.0.2'\nDriver info: org.openqa.selenium.edge.EdgeDriver\nCommand: [52c1a6d3cb2e0cef3baf42770852f0b2, executeScript {args=[{element-6066-11e4-a52e-4f735466cecf=f.9142E20F556ED21BB9D828516CDE8E76.d.DF7B268D343991ABCA215BB9A9A02067.e.531}], script=arguments[0].scrollIntoView({block:'center'});}]\nCapabilities {acceptInsecureCerts: false, browserName: MicrosoftEdge, browserVersion: 144.0.3719.115, fedcm:accounts: true, goog:processID: 61472, ms:edgeOptions: {debuggerAddress: localhost:49683}, msedge: {msedgedriverVersion: 144.0.3719.115 (4ee501a4f64..., userDataDir: C:\\Users\\ASHMEE~1.KAU\\AppDa...}, networkConnectionEnabled: false, pageLoadStrategy: normal, platformName: windows, proxy: Proxy(), se:cdp: ws://localhost:49683/devtoo..., se:cdpVersion: 144.0.3719.115, setWindowRect: true, strictFileInteractability: false, timeouts: {implicit: 0, pageLoad: 300000, script: 30000}, unhandledPromptBehavior: dismiss and notify, webauthn:extension:credBlob: true, webauthn:extension:largeBlob: true, webauthn:extension:minPinLength: true, webauthn:extension:prf: true, webauthn:virtualAuthenticators: true}\nSession ID: 52c1a6d3cb2e0cef3baf42770852f0b2","trace":"org.openqa.selenium.StaleElementReferenceException: stale element reference: stale element not found in the current frame\n  (Session info: MicrosoftEdge=144.0.3719.115)\nFor documentation on this error, please visit: https://www.selenium.dev/documentation/webdriver/troubleshooting/errors#staleelementreferenceexception\nBuild info: version: '4.40.0', revision: 'b3333f1'\nSystem info: os.name: 'Windows 11', os.arch: 'amd64', os.version: '10.0', java.version: '17.0.2'\nDriver info: org.openqa.selenium.edge.EdgeDriver\nCommand: [52c1a6d3cb2e0cef3baf42770852f0b2, executeScript {args=[{element-6066-11e4-a52e-4f735466cecf=f.9142E20F556ED21BB9D828516CDE8E76.d.DF7B268D343991ABCA215BB9A9A02067.e.531}], script=arguments[0].scrollIntoView({block:'center'});}]\nCapabilities {acceptInsecureCerts: false, browserName: MicrosoftEdge, browserVersion: 144.0.3719.115, fedcm:accounts: true, goog:processID: 61472, ms:edgeOptions: {debuggerAddress: localhost:49683}, msedge: {msedgedriverVersion: 144.0.3719.115 (4ee501a4f64..., userDataDir: C:\\Users\\ASHMEE~1.KAU\\AppDa...}, networkConnectionEnabled: false, pageLoadStrategy: normal, platformName: windows, proxy: Proxy(), se:cdp: ws://localhost:49683/devtoo..., se:cdpVersion: 144.0.3719.115, setWindowRect: true, strictFileInteractability: false, timeouts: {implicit: 0, pageLoad: 300000, script: 30000}, unhandledPromptBehavior: dismiss and notify, webauthn:extension:credBlob: true, webauthn:extension:largeBlob: true, webauthn:extension:minPinLength: true, webauthn:extension:prf: true, webauthn:virtualAuthenticators: true}\nSession ID: 52c1a6d3cb2e0cef3baf42770852f0b2\r\n\tat org.openqa.selenium.remote.ErrorCodec.decode(ErrorCodec.java:169)\r\n\tat org.openqa.selenium.remote.codec.w3c.W3CHttpResponseCodec.decode(W3CHttpResponseCodec.java:142)\r\n\tat org.openqa.selenium.remote.codec.w3c.W3CHttpResponseCodec.decode(W3CHttpResponseCodec.java:49)\r\n\tat org.openqa.selenium.remote.HttpCommandExecutor.execute(HttpCommandExecutor.java:223)\r\n\tat org.openqa.selenium.remote.service.DriverCommandExecutor.invokeExecute(DriverCommandExecutor.java:216)\r\n\tat org.openqa.selenium.remote.service.DriverCommandExecutor.execute(DriverCommandExecutor.java:174)\r\n\tat org.openqa.selenium.remote.RemoteWebDriver.execute(RemoteWebDriver.java:601)\r\n\tat org.openqa.selenium.remote.RemoteWebDriver.executeScript(RemoteWebDriver.java:532)\r\n\tat stepDefinations.LoginStep.top_laptops_with_limited_time_deal(LoginStep.java:177)\r\n\tat ✽.top 10 laptops with limited time deal(file:///C:/Users/Ashmeet.Kaur/eclipse-workspace/cucumberprojectfortraining1/src/test/resources/features/validateTestPriceRange.feature:7)\r\n"},"stage":"finished","steps":[],"attachments":[],"parameters":[],"start":1771008507158,"stop":1771008664949}],"attachments":[],"parameters":[],"start":1771008482280,"stop":1771008665613}