{"uuid":"cf883407-aae2-4764-8f2e-607f5e1c711a","historyId":"bff65a3e3a9b9f20844432d9c9ac5653","fullName":"src/test/resources/features/validateTestPriceRange.feature:3","labels":[{"name":"host","value":"LP-TZD-50X45799"},{"name":"thread","value":"82376@LP-TZD-50X45799.main(1)"},{"name":"feature","value":"Amazon best seller laptops validation"},{"name":"story","value":"Validate best seller laptops are displayed"},{"name":"suite","value":"Amazon best seller laptops validation"},{"name":"testClass","value":"Validate best seller laptops are displayed"},{"name":"framework","value":"cucumber4jvm"},{"name":"language","value":"java"},{"name":"gherkin_uri","value":"file:///C:/Users/Ashmeet.Kaur/eclipse-workspace/cucumberprojectfortraining1/src/test/resources/features/validateTestPriceRange.feature"},{"name":"package","value":"src.test.resources.features.validateTestPriceRange_feature.Amazon best seller laptops validation"}],"links":[],"name":"Validate best seller laptops are displayed","status":"broken","statusDetails":{"known":false,"muted":false,"flaky":false,"message":"no such element: Unable to locate element: {\"method\":\"xpath\",\"selector\":\".//button[contains(@class,'AddToCartButton-module')]\"}\n  (Session info: MicrosoftEdge=144.0.3719.115)\nFor documentation on this error, please visit: https://www.selenium.dev/documentation/webdriver/troubleshooting/errors#nosuchelementexception\nBuild info: version: '4.40.0', revision: 'b3333f1'\nSystem info: os.name: 'Windows 11', os.arch: 'amd64', os.version: '10.0', java.version: '17.0.2'\nDriver info: org.openqa.selenium.edge.EdgeDriver\nCommand: [af078bc797b0cec9be0346cab6ee25fb, findChildElement {id=f.B56F87DA50858DDB190F7181EBA26946.d.4DA6C6E02BAB516BA7A87C6B3CBFBE14.e.511, value=.//button[contains(@class,'AddToCartButton-module')], using=xpath}]\nCapabilities {acceptInsecureCerts: false, browserName: MicrosoftEdge, browserVersion: 144.0.3719.115, fedcm:accounts: true, goog:processID: 29920, ms:edgeOptions: {debuggerAddress: localhost:63676}, msedge: {msedgedriverVersion: 144.0.3719.115 (4ee501a4f64..., userDataDir: C:\\Users\\ASHMEE~1.KAU\\AppDa...}, networkConnectionEnabled: false, pageLoadStrategy: normal, platformName: windows, proxy: Proxy(), se:cdp: ws://localhost:63676/devtoo..., se:cdpVersion: 144.0.3719.115, setWindowRect: true, strictFileInteractability: false, timeouts: {implicit: 0, pageLoad: 300000, script: 30000}, unhandledPromptBehavior: dismiss and notify, webauthn:extension:credBlob: true, webauthn:extension:largeBlob: true, webauthn:extension:minPinLength: true, webauthn:extension:prf: true, webauthn:virtualAuthenticators: true}\nSession ID: af078bc797b0cec9be0346cab6ee25fb","trace":"org.openqa.selenium.NoSuchElementException: no such element: Unable to locate element: {\"method\":\"xpath\",\"selector\":\".//button[contains(@class,'AddToCartButton-module')]\"}\n  (Session info: MicrosoftEdge=144.0.3719.115)\nFor documentation on this error, please visit: https://www.selenium.dev/documentation/webdriver/troubleshooting/errors#nosuchelementexception\nBuild info: version: '4.40.0', revision: 'b3333f1'\nSystem info: os.name: 'Windows 11', os.arch: 'amd64', os.version: '10.0', java.version: '17.0.2'\nDriver info: org.openqa.selenium.edge.EdgeDriver\nCommand: [af078bc797b0cec9be0346cab6ee25fb, findChildElement {id=f.B56F87DA50858DDB190F7181EBA26946.d.4DA6C6E02BAB516BA7A87C6B3CBFBE14.e.511, value=.//button[contains(@class,'AddToCartButton-module')], using=xpath}]\nCapabilities {acceptInsecureCerts: false, browserName: MicrosoftEdge, browserVersion: 144.0.3719.115, fedcm:accounts: true, goog:processID: 29920, ms:edgeOptions: {debuggerAddress: localhost:63676}, msedge: {msedgedriverVersion: 144.0.3719.115 (4ee501a4f64..., userDataDir: C:\\Users\\ASHMEE~1.KAU\\AppDa...}, networkConnectionEnabled: false, pageLoadStrategy: normal, platformName: windows, proxy: Proxy(), se:cdp: ws://localhost:63676/devtoo..., se:cdpVersion: 144.0.3719.115, setWindowRect: true, strictFileInteractability: false, timeouts: {implicit: 0, pageLoad: 300000, script: 30000}, unhandledPromptBehavior: dismiss and notify, webauthn:extension:credBlob: true, webauthn:extension:largeBlob: true, webauthn:extension:minPinLength: true, webauthn:extension:prf: true, webauthn:virtualAuthenticators: true}\nSession ID: af078bc797b0cec9be0346cab6ee25fb\r\n\tat org.openqa.selenium.remote.ErrorCodec.decode(ErrorCodec.java:169)\r\n\tat org.openqa.selenium.remote.codec.w3c.W3CHttpResponseCodec.decode(W3CHttpResponseCodec.java:142)\r\n\tat org.openqa.selenium.remote.codec.w3c.W3CHttpResponseCodec.decode(W3CHttpResponseCodec.java:49)\r\n\tat org.openqa.selenium.remote.HttpCommandExecutor.execute(HttpCommandExecutor.java:223)\r\n\tat org.openqa.selenium.remote.service.DriverCommandExecutor.invokeExecute(DriverCommandExecutor.java:216)\r\n\tat org.openqa.selenium.remote.service.DriverCommandExecutor.execute(DriverCommandExecutor.java:174)\r\n\tat org.openqa.selenium.remote.RemoteWebDriver.execute(RemoteWebDriver.java:601)\r\n\tat org.openqa.selenium.remote.ElementLocation$ElementFinder$2.findElement(ElementLocation.java:166)\r\n\tat org.openqa.selenium.remote.ElementLocation.findElement(ElementLocation.java:60)\r\n\tat org.openqa.selenium.remote.RemoteWebDriver.findElement(RemoteWebDriver.java:424)\r\n\tat org.openqa.selenium.remote.RemoteWebElement.findElement(RemoteWebElement.java:211)\r\n\tat pageObjects.PriceFilterPage.getaddtocart(PriceFilterPage.java:58)\r\n\tat stepDefinations.LoginStep.top_laptops_with_limited_time_deal(LoginStep.java:161)\r\n\tat ✽.top 10 laptops with limited time deal(file:///C:/Users/Ashmeet.Kaur/eclipse-workspace/cucumberprojectfortraining1/src/test/resources/features/validateTestPriceRange.feature:7)\r\n"},"stage":"finished","steps":[{"name":"Given  user is on Amazon home page","status":"passed","statusDetails":{"known":false,"muted":false,"flaky":false},"stage":"finished","steps":[],"attachments":[],"parameters":[],"start":1771001726285,"stop":1771001734999},{"name":"When  user searches for \"Laptop\"","status":"passed","statusDetails":{"known":false,"muted":false,"flaky":false},"stage":"finished","steps":[],"attachments":[],"parameters":[],"start":1771001735000,"stop":1771001741357},{"name":"Then  limitedtimedeal search results should be displayed on Amazon","status":"passed","statusDetails":{"known":false,"muted":false,"flaky":false},"stage":"finished","steps":[],"attachments":[],"parameters":[],"start":1771001741358,"stop":1771001750358},{"name":"Then  top 10 laptops with limited time deal","status":"broken","statusDetails":{"known":false,"muted":false,"flaky":false,"message":"no such element: Unable to locate element: {\"method\":\"xpath\",\"selector\":\".//button[contains(@class,'AddToCartButton-module')]\"}\n  (Session info: MicrosoftEdge=144.0.3719.115)\nFor documentation on this error, please visit: https://www.selenium.dev/documentation/webdriver/troubleshooting/errors#nosuchelementexception\nBuild info: version: '4.40.0', revision: 'b3333f1'\nSystem info: os.name: 'Windows 11', os.arch: 'amd64', os.version: '10.0', java.version: '17.0.2'\nDriver info: org.openqa.selenium.edge.EdgeDriver\nCommand: [af078bc797b0cec9be0346cab6ee25fb, findChildElement {id=f.B56F87DA50858DDB190F7181EBA26946.d.4DA6C6E02BAB516BA7A87C6B3CBFBE14.e.511, value=.//button[contains(@class,'AddToCartButton-module')], using=xpath}]\nCapabilities {acceptInsecureCerts: false, browserName: MicrosoftEdge, browserVersion: 144.0.3719.115, fedcm:accounts: true, goog:processID: 29920, ms:edgeOptions: {debuggerAddress: localhost:63676}, msedge: {msedgedriverVersion: 144.0.3719.115 (4ee501a4f64..., userDataDir: C:\\Users\\ASHMEE~1.KAU\\AppDa...}, networkConnectionEnabled: false, pageLoadStrategy: normal, platformName: windows, proxy: Proxy(), se:cdp: ws://localhost:63676/devtoo..., se:cdpVersion: 144.0.3719.115, setWindowRect: true, strictFileInteractability: false, timeouts: {implicit: 0, pageLoad: 300000, script: 30000}, unhandledPromptBehavior: dismiss and notify, webauthn:extension:credBlob: true, webauthn:extension:largeBlob: true, webauthn:extension:minPinLength: true, webauthn:extension:prf: true, webauthn:virtualAuthenticators: true}\nSession ID: af078bc797b0cec9be0346cab6ee25fb","trace":"org.openqa.selenium.NoSuchElementException: no such element: Unable to locate element: {\"method\":\"xpath\",\"selector\":\".//button[contains(@class,'AddToCartButton-module')]\"}\n  (Session info: MicrosoftEdge=144.0.3719.115)\nFor documentation on this error, please visit: https://www.selenium.dev/documentation/webdriver/troubleshooting/errors#nosuchelementexception\nBuild info: version: '4.40.0', revision: 'b3333f1'\nSystem info: os.name: 'Windows 11', os.arch: 'amd64', os.version: '10.0', java.version: '17.0.2'\nDriver info: org.openqa.selenium.edge.EdgeDriver\nCommand: [af078bc797b0cec9be0346cab6ee25fb, findChildElement {id=f.B56F87DA50858DDB190F7181EBA26946.d.4DA6C6E02BAB516BA7A87C6B3CBFBE14.e.511, value=.//button[contains(@class,'AddToCartButton-module')], using=xpath}]\nCapabilities {acceptInsecureCerts: false, browserName: MicrosoftEdge, browserVersion: 144.0.3719.115, fedcm:accounts: true, goog:processID: 29920, ms:edgeOptions: {debuggerAddress: localhost:63676}, msedge: {msedgedriverVersion: 144.0.3719.115 (4ee501a4f64..., userDataDir: C:\\Users\\ASHMEE~1.KAU\\AppDa...}, networkConnectionEnabled: false, pageLoadStrategy: normal, platformName: windows, proxy: Proxy(), se:cdp: ws://localhost:63676/devtoo..., se:cdpVersion: 144.0.3719.115, setWindowRect: true, strictFileInteractability: false, timeouts: {implicit: 0, pageLoad: 300000, script: 30000}, unhandledPromptBehavior: dismiss and notify, webauthn:extension:credBlob: true, webauthn:extension:largeBlob: true, webauthn:extension:minPinLength: true, webauthn:extension:prf: true, webauthn:virtualAuthenticators: true}\nSession ID: af078bc797b0cec9be0346cab6ee25fb\r\n\tat org.openqa.selenium.remote.ErrorCodec.decode(ErrorCodec.java:169)\r\n\tat org.openqa.selenium.remote.codec.w3c.W3CHttpResponseCodec.decode(W3CHttpResponseCodec.java:142)\r\n\tat org.openqa.selenium.remote.codec.w3c.W3CHttpResponseCodec.decode(W3CHttpResponseCodec.java:49)\r\n\tat org.openqa.selenium.remote.HttpCommandExecutor.execute(HttpCommandExecutor.java:223)\r\n\tat org.openqa.selenium.remote.service.DriverCommandExecutor.invokeExecute(DriverCommandExecutor.java:216)\r\n\tat org.openqa.selenium.remote.service.DriverCommandExecutor.execute(DriverCommandExecutor.java:174)\r\n\tat org.openqa.selenium.remote.RemoteWebDriver.execute(RemoteWebDriver.java:601)\r\n\tat org.openqa.selenium.remote.ElementLocation$ElementFinder$2.findElement(ElementLocation.java:166)\r\n\tat org.openqa.selenium.remote.ElementLocation.findElement(ElementLocation.java:60)\r\n\tat org.openqa.selenium.remote.RemoteWebDriver.findElement(RemoteWebDriver.java:424)\r\n\tat org.openqa.selenium.remote.RemoteWebElement.findElement(RemoteWebElement.java:211)\r\n\tat pageObjects.PriceFilterPage.getaddtocart(PriceFilterPage.java:58)\r\n\tat stepDefinations.LoginStep.top_laptops_with_limited_time_deal(LoginStep.java:161)\r\n\tat ✽.top 10 laptops with limited time deal(file:///C:/Users/Ashmeet.Kaur/eclipse-workspace/cucumberprojectfortraining1/src/test/resources/features/validateTestPriceRange.feature:7)\r\n"},"stage":"finished","steps":[],"attachments":[],"parameters":[],"start":1771001750358,"stop":1771001878547}],"attachments":[],"parameters":[],"start":1771001724577,"stop":1771001879191}